Arguments: 
  /Users/izhaong/.nvm/versions/node/v14.18.2/bin/node /Users/izhaong/.nvm/versions/node/v14.18.2/bin/yarn init

PATH: 
  /Users/izhaong/.jenv/shims:/Users/izhaong/.jenv/bin:/Users/izhaong/.nvm/versions/node/v14.18.2/bin:/usr/local/bin:/usr/bin:/bin:/usr/sbin:/sbin:/Applications/VMware Fusion.app/Contents/Public:/Applications/Little Snitch.app/Contents/Components:/usr/local/share/dotnet:/Users/izhaong/.jenv/shims:/Users/izhaong/.jenv/bin:/Users/izhaong/.nvm/versions/node/v14.18.2/bin

Yarn version: 
  1.22.18

Node version: 
  14.18.2

Platform: 
  darwin x64

Trace: 
  Error: canceled
      at Interface.<anonymous> (/Users/izhaong/.nvm/versions/node/v14.18.2/lib/node_modules/yarn/lib/cli.js:137143:13)
      at Interface.emit (events.js:400:28)
      at Interface._ttyWrite (readline.js:1001:16)
      at ReadStream.onkeypress (readline.js:265:10)
      at ReadStream.emit (events.js:400:28)
      at emitKeys (internal/readline/utils.js:358:14)
      at emitKeys.next (<anonymous>)
      at ReadStream.onData (readline.js:1270:36)
      at ReadStream.emit (events.js:400:28)
      at addChunk (internal/streams/readable.js:293:12)

npm manifest: 
  No manifest

yarn manifest: 
  No manifest

Lockfile: 
  No lockfile
